<?xml version="1.0" encoding="UTF-8"?>
<!-- Generated by org.testng.reporters.JUnitReportReporter -->
<testsuite hostname="DESKTOP-E6HOPFF" failures="0" tests="1" name="Page_object.test.SpotifyTest" time="10.003" errors="0" timestamp="2022-12-01T05:19:00 MSK" skipped="0">
  <testcase classname="Page_object.test.SpotifyTest" name="CreateNewPlayListAtTheAccount" time="10.003"/>
  <system-out/>
</testsuite> <!-- Page_object.test.SpotifyTest -->
